This file contains any messages produced by compilers while
running configure, to aid debugging if configure makes a mistake.

It was created by libpartialzip configure 1.0, which was
generated by GNU Autoconf 2.69.  Invocation command line was

  $ ./configure 

## --------- ##
## Platform. ##
## --------- ##

hostname = haxx
uname -m = x86_64
uname -r = 4.2.0-27-generic
uname -s = Linux
uname -v = #32~14.04.1-Ubuntu SMP Fri Jan 22 15:32:26 UTC 2016

/usr/bin/uname -p = unknown
/bin/uname -X     = unknown

/bin/arch              = unknown
/usr/bin/arch -k       = unknown
/usr/convex/getsysinfo = unknown
/usr/bin/hostinfo      = unknown
/bin/machine           = unknown
/usr/bin/oslevel       = unknown
/bin/universe          = unknown

PATH: /usr/local/sbin
PATH: /usr/local/bin
PATH: /usr/sbin
PATH: /usr/bin
PATH: /sbin
PATH: /bin
PATH: /usr/games
PATH: /usr/local/games


## ----------- ##
## Core tests. ##
## ----------- ##

configure:2205: checking build system type
configure:2219: result: x86_64-unknown-linux-gnu
configure:2239: checking host system type
configure:2252: result: x86_64-unknown-linux-gnu
configure:2293: checking how to print strings
configure:2320: result: printf
configure:2392: checking for gcc
configure:2408: found /usr/bin/gcc
configure:2419: result: gcc
configure:2648: checking for C compiler version
configure:2657: gcc --version >&5
gcc (Ubuntu 4.8.4-2ubuntu1~14.04.1) 4.8.4
Copyright (C) 2013 Free Software Foundation, Inc.
This is free software; see the source for copying conditions.  There is NO
warranty; not even for MERCHANTABILITY or FITNESS FOR A PARTICULAR PURPOSE.

configure:2668: $? = 0
configure:2657: gcc -v >&5
Using built-in specs.
COLLECT_GCC=gcc
COLLECT_LTO_WRAPPER=/usr/lib/gcc/x86_64-linux-gnu/4.8/lto-wrapper
Target: x86_64-linux-gnu
Configured with: ../src/configure -v --with-pkgversion='Ubuntu 4.8.4-2ubuntu1~14.04.1' --with-bugurl=file:///usr/share/doc/gcc-4.8/README.Bugs --enable-languages=c,c++,java,go,d,fortran,objc,obj-c++ --prefix=/usr --program-suffix=-4.8 --enable-shared --enable-linker-build-id --libexecdir=/usr/lib --without-included-gettext --enable-threads=posix --with-gxx-include-dir=/usr/include/c++/4.8 --libdir=/usr/lib --enable-nls --with-sysroot=/ --enable-clocale=gnu --enable-libstdcxx-debug --enable-libstdcxx-time=yes --enable-gnu-unique-object --disable-libmudflap --enable-plugin --with-system-zlib --disable-browser-plugin --enable-java-awt=gtk --enable-gtk-cairo --with-java-home=/usr/lib/jvm/java-1.5.0-gcj-4.8-amd64/jre --enable-java-home --with-jvm-root-dir=/usr/lib/jvm/java-1.5.0-gcj-4.8-amd64 --with-jvm-jar-dir=/usr/lib/jvm-exports/java-1.5.0-gcj-4.8-amd64 --with-arch-directory=amd64 --with-ecj-jar=/usr/share/java/eclipse-ecj.jar --enable-objc-gc --enable-multiarch --disable-werror --with-arch-32=i686 --with-abi=m64 --with-multilib-list=m32,m64,mx32 --with-tune=generic --enable-checking=release --build=x86_64-linux-gnu --host=x86_64-linux-gnu --target=x86_64-linux-gnu
Thread model: posix
gcc version 4.8.4 (Ubuntu 4.8.4-2ubuntu1~14.04.1) 
configure:2668: $? = 0
configure:2657: gcc -V >&5
gcc: error: unrecognized command line option '-V'
gcc: fatal error: no input files
compilation terminated.
configure:2668: $? = 4
configure:2657: gcc -qversion >&5
gcc: error: unrecognized command line option '-qversion'
gcc: fatal error: no input files
compilation terminated.
configure:2668: $? = 4
configure:2688: checking whether the C compiler works
configure:2710: gcc    conftest.c  >&5
configure:2714: $? = 0
configure:2762: result: yes
configure:2765: checking for C compiler default output file name
configure:2767: result: a.out
configure:2773: checking for suffix of executables
configure:2780: gcc -o conftest    conftest.c  >&5
configure:2784: $? = 0
configure:2806: result: 
configure:2828: checking whether we are cross compiling
configure:2836: gcc -o conftest    conftest.c  >&5
configure:2840: $? = 0
configure:2847: ./conftest
configure:2851: $? = 0
configure:2866: result: no
configure:2871: checking for suffix of object files
configure:2893: gcc -c   conftest.c >&5
configure:2897: $? = 0
configure:2918: result: o
configure:2922: checking whether we are using the GNU C compiler
configure:2941: gcc -c   conftest.c >&5
configure:2941: $? = 0
configure:2950: result: yes
configure:2959: checking whether gcc accepts -g
configure:2979: gcc -c -g  conftest.c >&5
configure:2979: $? = 0
configure:3020: result: yes
configure:3037: checking for gcc option to accept ISO C89
configure:3100: gcc  -c -g -O2  conftest.c >&5
configure:3100: $? = 0
configure:3113: result: none needed
configure:3138: checking whether gcc understands -c and -o together
configure:3160: gcc -c conftest.c -o conftest2.o
configure:3163: $? = 0
configure:3160: gcc -c conftest.c -o conftest2.o
configure:3163: $? = 0
configure:3175: result: yes
configure:3192: checking for a sed that does not truncate output
configure:3256: result: /bin/sed
configure:3274: checking for grep that handles long lines and -e
configure:3332: result: /bin/grep
configure:3337: checking for egrep
configure:3399: result: /bin/grep -E
configure:3404: checking for fgrep
configure:3466: result: /bin/grep -F
configure:3501: checking for ld used by gcc
configure:3568: result: /usr/bin/ld
configure:3575: checking if the linker (/usr/bin/ld) is GNU ld
configure:3590: result: yes
configure:3602: checking for BSD- or MS-compatible name lister (nm)
configure:3651: result: /usr/bin/nm -B
configure:3781: checking the name lister (/usr/bin/nm -B) interface
configure:3788: gcc -c -g -O2  conftest.c >&5
configure:3791: /usr/bin/nm -B "conftest.o"
configure:3794: output
0000000000000000 B some_variable
configure:3801: result: BSD nm
configure:3804: checking whether ln -s works
configure:3808: result: yes
configure:3816: checking the maximum length of command line arguments
configure:3947: result: 1572864
configure:3964: checking whether the shell understands some XSI constructs
configure:3974: result: yes
configure:3978: checking whether the shell understands "+="
configure:3984: result: yes
configure:4019: checking how to convert x86_64-unknown-linux-gnu file names to x86_64-unknown-linux-gnu format
configure:4059: result: func_convert_file_noop
configure:4066: checking how to convert x86_64-unknown-linux-gnu file names to toolchain format
configure:4086: result: func_convert_file_noop
configure:4093: checking for /usr/bin/ld option to reload object files
configure:4100: result: -r
configure:4174: checking for objdump
configure:4190: found /usr/bin/objdump
configure:4201: result: objdump
configure:4233: checking how to recognize dependent libraries
configure:4431: result: pass_all
configure:4516: checking for dlltool
configure:4546: result: no
configure:4576: checking how to associate runtime and link libraries
configure:4603: result: printf %s\n
configure:4664: checking for ar
configure:4680: found /usr/bin/ar
configure:4691: result: ar
configure:4728: checking for archiver @FILE support
configure:4745: gcc -c -g -O2  conftest.c >&5
configure:4745: $? = 0
configure:4748: ar cru libconftest.a @conftest.lst >&5
configure:4751: $? = 0
configure:4756: ar cru libconftest.a @conftest.lst >&5
ar: conftest.o: No such file or directory
configure:4759: $? = 1
configure:4771: result: @
configure:4829: checking for strip
configure:4845: found /usr/bin/strip
configure:4856: result: strip
configure:4928: checking for ranlib
configure:4944: found /usr/bin/ranlib
configure:4955: result: ranlib
configure:5032: checking for gawk
configure:5062: result: no
configure:5032: checking for mawk
configure:5048: found /usr/bin/mawk
configure:5059: result: mawk
configure:5099: checking command to parse /usr/bin/nm -B output from gcc object
configure:5219: gcc -c -g -O2  conftest.c >&5
configure:5222: $? = 0
configure:5226: /usr/bin/nm -B conftest.o \| sed -n -e 's/^.*[ ]\([ABCDGIRSTW][ABCDGIRSTW]*\)[ ][ ]*\([_A-Za-z][_A-Za-z0-9]*\)$/\1 \2 \2/p' | sed '/ __gnu_lto/d' \> conftest.nm
configure:5229: $? = 0
configure:5295: gcc -o conftest -g -O2   conftest.c conftstm.o >&5
configure:5298: $? = 0
configure:5336: result: ok
configure:5373: checking for sysroot
configure:5403: result: no
configure:5480: gcc -c -g -O2  conftest.c >&5
configure:5483: $? = 0
configure:5672: checking for mt
configure:5688: found /bin/mt
configure:5699: result: mt
configure:5722: checking if mt is a manifest tool
configure:5728: mt '-?'
configure:5736: result: no
configure:6378: checking how to run the C preprocessor
configure:6409: gcc -E  conftest.c
configure:6409: $? = 0
configure:6423: gcc -E  conftest.c
conftest.c:9:28: fatal error: ac_nonexistent.h: No such file or directory
 #include <ac_nonexistent.h>
                            ^
compilation terminated.
configure:6423: $? = 1
configure: failed program was:
| /* confdefs.h */
| #define PACKAGE_NAME "libpartialzip"
| #define PACKAGE_TARNAME "libpartialzip"
| #define PACKAGE_VERSION "1.0"
| #define PACKAGE_STRING "libpartialzip 1.0"
| #define PACKAGE_BUGREPORT ""
| #define PACKAGE_URL ""
| /* end confdefs.h.  */
| #include <ac_nonexistent.h>
configure:6448: result: gcc -E
configure:6468: gcc -E  conftest.c
configure:6468: $? = 0
configure:6482: gcc -E  conftest.c
conftest.c:9:28: fatal error: ac_nonexistent.h: No such file or directory
 #include <ac_nonexistent.h>
                            ^
compilation terminated.
configure:6482: $? = 1
configure: failed program was:
| /* confdefs.h */
| #define PACKAGE_NAME "libpartialzip"
| #define PACKAGE_TARNAME "libpartialzip"
| #define PACKAGE_VERSION "1.0"
| #define PACKAGE_STRING "libpartialzip 1.0"
| #define PACKAGE_BUGREPORT ""
| #define PACKAGE_URL ""
| /* end confdefs.h.  */
| #include <ac_nonexistent.h>
configure:6511: checking for ANSI C header files
configure:6531: gcc -c -g -O2  conftest.c >&5
configure:6531: $? = 0
configure:6604: gcc -o conftest -g -O2   conftest.c  >&5
configure:6604: $? = 0
configure:6604: ./conftest
configure:6604: $? = 0
configure:6615: result: yes
configure:6628: checking for sys/types.h
configure:6628: gcc -c -g -O2  conftest.c >&5
configure:6628: $? = 0
configure:6628: result: yes
configure:6628: checking for sys/stat.h
configure:6628: gcc -c -g -O2  conftest.c >&5
configure:6628: $? = 0
configure:6628: result: yes
configure:6628: checking for stdlib.h
configure:6628: gcc -c -g -O2  conftest.c >&5
configure:6628: $? = 0
configure:6628: result: yes
configure:6628: checking for string.h
configure:6628: gcc -c -g -O2  conftest.c >&5
configure:6628: $? = 0
configure:6628: result: yes
configure:6628: checking for memory.h
configure:6628: gcc -c -g -O2  conftest.c >&5
configure:6628: $? = 0
configure:6628: result: yes
configure:6628: checking for strings.h
configure:6628: gcc -c -g -O2  conftest.c >&5
configure:6628: $? = 0
configure:6628: result: yes
configure:6628: checking for inttypes.h
configure:6628: gcc -c -g -O2  conftest.c >&5
configure:6628: $? = 0
configure:6628: result: yes
configure:6628: checking for stdint.h
configure:6628: gcc -c -g -O2  conftest.c >&5
configure:6628: $? = 0
configure:6628: result: yes
configure:6628: checking for unistd.h
configure:6628: gcc -c -g -O2  conftest.c >&5
configure:6628: $? = 0
configure:6628: result: yes
configure:6642: checking for dlfcn.h
configure:6642: gcc -c -g -O2  conftest.c >&5
configure:6642: $? = 0
configure:6642: result: yes
configure:6848: checking for objdir
configure:6863: result: .libs
configure:7134: checking if gcc supports -fno-rtti -fno-exceptions
configure:7152: gcc -c -g -O2  -fno-rtti -fno-exceptions conftest.c >&5
cc1: warning: command line option '-fno-rtti' is valid for C++/ObjC++ but not for C [enabled by default]
configure:7156: $? = 0
configure:7169: result: no
configure:7496: checking for gcc option to produce PIC
configure:7503: result: -fPIC -DPIC
configure:7511: checking if gcc PIC flag -fPIC -DPIC works
configure:7529: gcc -c -g -O2  -fPIC -DPIC -DPIC conftest.c >&5
configure:7533: $? = 0
configure:7546: result: yes
configure:7575: checking if gcc static flag -static works
configure:7603: result: yes
configure:7618: checking if gcc supports -c -o file.o
configure:7639: gcc -c -g -O2  -o out/conftest2.o conftest.c >&5
configure:7643: $? = 0
configure:7665: result: yes
configure:7673: checking if gcc supports -c -o file.o
configure:7720: result: yes
configure:7753: checking whether the gcc linker (/usr/bin/ld -m elf_x86_64) supports shared libraries
configure:8910: result: yes
configure:8947: checking whether -lc should be explicitly linked in
configure:8955: gcc -c -g -O2  conftest.c >&5
configure:8958: $? = 0
configure:8973: gcc -shared  -fPIC -DPIC conftest.o  -v -Wl,-soname -Wl,conftest -o conftest 2\>\&1 \| /bin/grep  -lc  \>/dev/null 2\>\&1
configure:8976: $? = 0
configure:8990: result: no
configure:9150: checking dynamic linker characteristics
configure:9650: gcc -o conftest -g -O2   -Wl,-rpath -Wl,/foo conftest.c  >&5
configure:9650: $? = 0
configure:9884: result: GNU/Linux ld.so
configure:9991: checking how to hardcode library paths into programs
configure:10016: result: immediate
configure:10556: checking whether stripping libraries is possible
configure:10561: result: yes
configure:10596: checking if libtool supports shared libraries
configure:10598: result: yes
configure:10601: checking whether to build shared libraries
configure:10622: result: yes
configure:10625: checking whether to build static libraries
configure:10629: result: yes
configure:10681: checking for a BSD-compatible install
configure:10749: result: /usr/bin/install -c
configure:10760: checking whether make sets $(MAKE)
configure:10782: result: yes
configure:10792: checking target system type
configure:10805: result: x86_64-unknown-linux-gnu
configure:10834: checking whether build environment is sane
configure:10889: result: yes
configure:11037: checking for a thread-safe mkdir -p
configure:11076: result: /bin/mkdir -p
configure:11100: checking for style of include used by make
configure:11128: result: GNU
configure:11162: checking whether make supports nested variables
configure:11179: result: yes
configure:11265: checking dependency style of gcc
configure:11376: result: gcc3
configure:11442: checking for ANSI C header files
configure:11546: result: yes
configure:11610: checking for pkg-config
configure:11628: found /usr/bin/pkg-config
configure:11640: result: /usr/bin/pkg-config
configure:11665: checking pkg-config is at least version 0.9.0
configure:11668: result: yes
configure:11678: checking for zlib
configure:11685: $PKG_CONFIG --exists --print-errors "zlib >= 1.0"
configure:11688: $? = 0
configure:11702: $PKG_CONFIG --exists --print-errors "zlib >= 1.0"
configure:11705: $? = 0
configure:11763: result: yes
configure:11769: checking for curl
configure:11776: $PKG_CONFIG --exists --print-errors "libcurl >= 1.0"
configure:11779: $? = 0
configure:11793: $PKG_CONFIG --exists --print-errors "libcurl >= 1.0"
configure:11796: $? = 0
configure:11854: result: yes
configure:11860: checking for crippy
configure:11867: $PKG_CONFIG --exists --print-errors "libcrippy-1.0 >= 1.0"
configure:11870: $? = 0
configure:11884: $PKG_CONFIG --exists --print-errors "libcrippy-1.0 >= 1.0"
configure:11887: $? = 0
configure:11945: result: yes
configure:12061: checking that generated files are newer than configure
configure:12067: result: done
configure:12090: creating ./config.status

## ---------------------- ##
## Running config.status. ##
## ---------------------- ##

This file was extended by libpartialzip config.status 1.0, which was
generated by GNU Autoconf 2.69.  Invocation command line was

  CONFIG_FILES    = 
  CONFIG_HEADERS  = 
  CONFIG_LINKS    = 
  CONFIG_COMMANDS = 
  $ ./config.status 

on haxx

config.status:1098: creating Makefile
config.status:1098: creating src/Makefile
config.status:1098: creating include/Makefile
config.status:1098: creating tools/Makefile
config.status:1098: creating libpartialzip-1.0.pc
config.status:1098: creating config.h
config.status:1327: executing libtool commands
config.status:1327: executing depfiles commands

## ---------------- ##
## Cache variables. ##
## ---------------- ##

ac_cv_build=x86_64-unknown-linux-gnu
ac_cv_c_compiler_gnu=yes
ac_cv_env_CC_set=
ac_cv_env_CC_value=
ac_cv_env_CFLAGS_set=
ac_cv_env_CFLAGS_value=
ac_cv_env_CPPFLAGS_set=
ac_cv_env_CPPFLAGS_value=
ac_cv_env_CPP_set=
ac_cv_env_CPP_value=
ac_cv_env_LDFLAGS_set=
ac_cv_env_LDFLAGS_value=
ac_cv_env_LIBS_set=
ac_cv_env_LIBS_value=
ac_cv_env_PKG_CONFIG_LIBDIR_set=
ac_cv_env_PKG_CONFIG_LIBDIR_value=
ac_cv_env_PKG_CONFIG_PATH_set=
ac_cv_env_PKG_CONFIG_PATH_value=
ac_cv_env_PKG_CONFIG_set=
ac_cv_env_PKG_CONFIG_value=
ac_cv_env_build_alias_set=
ac_cv_env_build_alias_value=
ac_cv_env_crippy_CFLAGS_set=
ac_cv_env_crippy_CFLAGS_value=
ac_cv_env_crippy_LIBS_set=
ac_cv_env_crippy_LIBS_value=
ac_cv_env_curl_CFLAGS_set=
ac_cv_env_curl_CFLAGS_value=
ac_cv_env_curl_LIBS_set=
ac_cv_env_curl_LIBS_value=
ac_cv_env_host_alias_set=
ac_cv_env_host_alias_value=
ac_cv_env_target_alias_set=
ac_cv_env_target_alias_value=
ac_cv_env_zlib_CFLAGS_set=
ac_cv_env_zlib_CFLAGS_value=
ac_cv_env_zlib_LIBS_set=
ac_cv_env_zlib_LIBS_value=
ac_cv_header_dlfcn_h=yes
ac_cv_header_inttypes_h=yes
ac_cv_header_memory_h=yes
ac_cv_header_stdc=yes
ac_cv_header_stdint_h=yes
ac_cv_header_stdlib_h=yes
ac_cv_header_string_h=yes
ac_cv_header_strings_h=yes
ac_cv_header_sys_stat_h=yes
ac_cv_header_sys_types_h=yes
ac_cv_header_unistd_h=yes
ac_cv_host=x86_64-unknown-linux-gnu
ac_cv_objext=o
ac_cv_path_EGREP='/bin/grep -E'
ac_cv_path_FGREP='/bin/grep -F'
ac_cv_path_GREP=/bin/grep
ac_cv_path_SED=/bin/sed
ac_cv_path_ac_pt_PKG_CONFIG=/usr/bin/pkg-config
ac_cv_path_install='/usr/bin/install -c'
ac_cv_path_mkdir=/bin/mkdir
ac_cv_prog_AWK=mawk
ac_cv_prog_CPP='gcc -E'
ac_cv_prog_ac_ct_AR=ar
ac_cv_prog_ac_ct_CC=gcc
ac_cv_prog_ac_ct_MANIFEST_TOOL=mt
ac_cv_prog_ac_ct_OBJDUMP=objdump
ac_cv_prog_ac_ct_RANLIB=ranlib
ac_cv_prog_ac_ct_STRIP=strip
ac_cv_prog_cc_c89=
ac_cv_prog_cc_g=yes
ac_cv_prog_make_make_set=yes
ac_cv_target=x86_64-unknown-linux-gnu
am_cv_CC_dependencies_compiler_type=gcc3
am_cv_make_support_nested_variables=yes
am_cv_prog_cc_c_o=yes
lt_cv_ar_at_file=@
lt_cv_archive_cmds_need_lc=no
lt_cv_deplibs_check_method=pass_all
lt_cv_file_magic_cmd='$MAGIC_CMD'
lt_cv_file_magic_test_file=
lt_cv_ld_reload_flag=-r
lt_cv_nm_interface='BSD nm'
lt_cv_objdir=.libs
lt_cv_path_LD=/usr/bin/ld
lt_cv_path_NM='/usr/bin/nm -B'
lt_cv_path_mainfest_tool=no
lt_cv_prog_compiler_c_o=yes
lt_cv_prog_compiler_pic='-fPIC -DPIC'
lt_cv_prog_compiler_pic_works=yes
lt_cv_prog_compiler_rtti_exceptions=no
lt_cv_prog_compiler_static_works=yes
lt_cv_prog_gnu_ld=yes
lt_cv_sharedlib_from_linklib_cmd='printf %s\n'
lt_cv_shlibpath_overrides_runpath=no
lt_cv_sys_global_symbol_pipe='sed -n -e '\''s/^.*[	 ]\([ABCDGIRSTW][ABCDGIRSTW]*\)[	 ][	 ]*\([_A-Za-z][_A-Za-z0-9]*\)$/\1 \2 \2/p'\'' | sed '\''/ __gnu_lto/d'\'''
lt_cv_sys_global_symbol_to_c_name_address='sed -n -e '\''s/^: \([^ ]*\)[ ]*$/  {\"\1\", (void *) 0},/p'\'' -e '\''s/^[ABCDGIRSTW]* \([^ ]*\) \([^ ]*\)$/  {"\2", (void *) \&\2},/p'\'''
lt_cv_sys_global_symbol_to_c_name_address_lib_prefix='sed -n -e '\''s/^: \([^ ]*\)[ ]*$/  {\"\1\", (void *) 0},/p'\'' -e '\''s/^[ABCDGIRSTW]* \([^ ]*\) \(lib[^ ]*\)$/  {"\2", (void *) \&\2},/p'\'' -e '\''s/^[ABCDGIRSTW]* \([^ ]*\) \([^ ]*\)$/  {"lib\2", (void *) \&\2},/p'\'''
lt_cv_sys_global_symbol_to_cdecl='sed -n -e '\''s/^T .* \(.*\)$/extern int \1();/p'\'' -e '\''s/^[ABCDGIRSTW]* .* \(.*\)$/extern char \1;/p'\'''
lt_cv_sys_max_cmd_len=1572864
lt_cv_to_host_file_cmd=func_convert_file_noop
lt_cv_to_tool_file_cmd=func_convert_file_noop
pkg_cv_crippy_CFLAGS='-I/usr/local/include  '
pkg_cv_crippy_LIBS='-L/usr/local/lib -lcrippy-1.0  '
pkg_cv_curl_CFLAGS=' '
pkg_cv_curl_LIBS='-lcurl  '
pkg_cv_zlib_CFLAGS=' '
pkg_cv_zlib_LIBS='-lz  '

## ----------------- ##
## Output variables. ##
## ----------------- ##

ACLOCAL='${SHELL} /home/mathieu/Documents/libpartialzip-1/missing aclocal-1.14'
AMDEPBACKSLASH='\'
AMDEP_FALSE='#'
AMDEP_TRUE=''
AMTAR='$${TAR-tar}'
AM_BACKSLASH='\'
AM_DEFAULT_V='$(AM_DEFAULT_VERBOSITY)'
AM_DEFAULT_VERBOSITY='1'
AM_V='$(V)'
AR='ar'
AUTOCONF='${SHELL} /home/mathieu/Documents/libpartialzip-1/missing autoconf'
AUTOHEADER='${SHELL} /home/mathieu/Documents/libpartialzip-1/missing autoheader'
AUTOMAKE='${SHELL} /home/mathieu/Documents/libpartialzip-1/missing automake-1.14'
AWK='mawk'
CC='gcc'
CCDEPMODE='depmode=gcc3'
CFLAGS='-g -O2'
CPP='gcc -E'
CPPFLAGS=''
CYGPATH_W='echo'
DEFS='-DHAVE_CONFIG_H'
DEPDIR='.deps'
DLLTOOL='false'
DSYMUTIL=''
DUMPBIN=''
ECHO_C=''
ECHO_N='-n'
ECHO_T=''
EGREP='/bin/grep -E'
EXEEXT=''
FGREP='/bin/grep -F'
GREP='/bin/grep'
INSTALL_DATA='${INSTALL} -m 644'
INSTALL_PROGRAM='${INSTALL}'
INSTALL_SCRIPT='${INSTALL}'
INSTALL_STRIP_PROGRAM='$(install_sh) -c -s'
LD='/usr/bin/ld -m elf_x86_64'
LDFLAGS=''
LIBOBJS=''
LIBS=''
LIBTOOL='$(SHELL) $(top_builddir)/libtool'
LIPO=''
LN_S='ln -s'
LTLIBOBJS=''
MAKEINFO='${SHELL} /home/mathieu/Documents/libpartialzip-1/missing makeinfo'
MANIFEST_TOOL=':'
MKDIR_P='/bin/mkdir -p'
NM='/usr/bin/nm -B'
NMEDIT=''
OBJDUMP='objdump'
OBJEXT='o'
OTOOL64=''
OTOOL=''
PACKAGE='libpartialzip'
PACKAGE_BUGREPORT=''
PACKAGE_NAME='libpartialzip'
PACKAGE_STRING='libpartialzip 1.0'
PACKAGE_TARNAME='libpartialzip'
PACKAGE_URL=''
PACKAGE_VERSION='1.0'
PATH_SEPARATOR=':'
PKG_CONFIG='/usr/bin/pkg-config'
PKG_CONFIG_LIBDIR=''
PKG_CONFIG_PATH=''
RANLIB='ranlib'
SED='/bin/sed'
SET_MAKE=''
SHELL='/bin/bash'
STRIP='strip'
VERSION='1.0'
ac_ct_AR='ar'
ac_ct_CC='gcc'
ac_ct_DUMPBIN=''
am__EXEEXT_FALSE=''
am__EXEEXT_TRUE='#'
am__fastdepCC_FALSE='#'
am__fastdepCC_TRUE=''
am__include='include'
am__isrc=''
am__leading_dot='.'
am__nodep='_no'
am__quote=''
am__tar='$${TAR-tar} chof - "$$tardir"'
am__untar='$${TAR-tar} xf -'
bindir='${exec_prefix}/bin'
build='x86_64-unknown-linux-gnu'
build_alias=''
build_cpu='x86_64'
build_os='linux-gnu'
build_vendor='unknown'
crippy_CFLAGS='-I/usr/local/include  '
crippy_LIBS='-L/usr/local/lib -lcrippy-1.0  '
curl_CFLAGS=' '
curl_LIBS='-lcurl  '
datadir='${datarootdir}'
datarootdir='${prefix}/share'
docdir='${datarootdir}/doc/${PACKAGE_TARNAME}'
dvidir='${docdir}'
exec_prefix='${prefix}'
host='x86_64-unknown-linux-gnu'
host_alias=''
host_cpu='x86_64'
host_os='linux-gnu'
host_vendor='unknown'
htmldir='${docdir}'
includedir='${prefix}/include'
infodir='${datarootdir}/info'
install_sh='${SHELL} /home/mathieu/Documents/libpartialzip-1/install-sh'
libdir='${exec_prefix}/lib'
libexecdir='${exec_prefix}/libexec'
localedir='${datarootdir}/locale'
localstatedir='${prefix}/var'
mandir='${datarootdir}/man'
mkdir_p='$(MKDIR_P)'
oldincludedir='/usr/include'
pdfdir='${docdir}'
prefix='/usr/local'
program_transform_name='s,x,x,'
psdir='${docdir}'
sbindir='${exec_prefix}/sbin'
sharedstatedir='${prefix}/com'
sysconfdir='${prefix}/etc'
target='x86_64-unknown-linux-gnu'
target_alias=''
target_cpu='x86_64'
target_os='linux-gnu'
target_vendor='unknown'
zlib_CFLAGS=' '
zlib_LIBS='-lz  '

## ----------- ##
## confdefs.h. ##
## ----------- ##

/* confdefs.h */
#define PACKAGE_NAME "libpartialzip"
#define PACKAGE_TARNAME "libpartialzip"
#define PACKAGE_VERSION "1.0"
#define PACKAGE_STRING "libpartialzip 1.0"
#define PACKAGE_BUGREPORT ""
#define PACKAGE_URL ""
#define STDC_HEADERS 1
#define HAVE_SYS_TYPES_H 1
#define HAVE_SYS_STAT_H 1
#define HAVE_STDLIB_H 1
#define HAVE_STRING_H 1
#define HAVE_MEMORY_H 1
#define HAVE_STRINGS_H 1
#define HAVE_INTTYPES_H 1
#define HAVE_STDINT_H 1
#define HAVE_UNISTD_H 1
#define HAVE_DLFCN_H 1
#define LT_OBJDIR ".libs/"
#define PACKAGE "libpartialzip"
#define VERSION "1.0"
#define STDC_HEADERS 1

configure: exit 0
